Configuring course-0.1.3...
Preprocessing test suite 'doctests' for course-0.1.3...
[1 of 2] Compiling Build_doctests   ( .stack-work/dist/x86_64-osx/Cabal-1.18.1.5/build/autogen/Build_doctests.hs, .stack-work/dist/x86_64-osx/Cabal-1.18.1.5/build/doctests/doctests-tmp/Build_doctests.o )
[2 of 2] Compiling Main             ( test/doctests.hs, .stack-work/dist/x86_64-osx/Cabal-1.18.1.5/build/doctests/doctests-tmp/Main.o )
Linking .stack-work/dist/x86_64-osx/Cabal-1.18.1.5/build/doctests/doctests ...
Testing src/Course/List.hs
### Failure in src/Course/List.hs:321: expression `notReverse Nil'
expected: []
 but got: *** Exception: todo: Is it even possible?
### Failure in src/Course/List.hs:324: expression `let types = x :: List Int in notReverse x ++ notReverse y == notReverse (y ++ x)'
Exception: 'todo: Is it even possible?' (after 1 test): 
[]
[]
### Failure in src/Course/List.hs:326: expression `let types = x :: Int in notReverse (x :. Nil) == x :. Nil'
Exception: 'todo: Is it even possible?' (after 1 test): 
0
Examples: 58  Tried: 58  Errors: 0  Failures: 3
